Using pre-set license
Built from '2020.3/release' branch; Version is '2020.3.7f1 (dd97f2c94397) revision 14522354'; Using compiler version '192528614'; Build Type 'Release'
OS: 'Windows 10 Enterprise 2016 LTSB; OS build 14393.0; Version 1607; 64bit' Language: 'ru' Physical Memory: 5914 MB
BatchMode: 1, IsHumanControllingUs: 0, StartBugReporterOnCrash: 0, Is64bit: 1, IsPro: 0

 COMMAND LINE ARGUMENTS:
D:\Unity\2020.3.7f1\Editor\Unity.exe
-adb2
-batchMode
-noUpm
-name
AssetImportWorker0
-projectPath
D:/Unity/Новая
-logFile
Logs/AssetImportWorker0.log
-srvPort
58438
Successfully changed project path to: D:/Unity/Новая
D:/Unity/Новая
Using Asset Import Pipeline V2.
Refreshing native plugins compatible for Editor in 38.47 ms, found 0 plugins.
Preloading 0 native plugins for Editor in 0.00 ms.
Initialize engine version: 2020.3.7f1 (dd97f2c94397)
[Subsystems] Discovering subsystems at path D:/Unity/2020.3.7f1/Editor/Data/Resources/UnitySubsystems
[Subsystems] Discovering subsystems at path D:/Unity/Новая/Assets
GfxDevice: creating device client; threaded=0
Direct3D:
    Version:  Direct3D 11.0 [level 11.0]
    Renderer: NVIDIA GeForce GT 740M (ID=0x1292)
    Vendor:   
    VRAM:     2009 MB
    Driver:   25.21.14.2531
Initialize mono
Mono path[0] = 'D:/Unity/2020.3.7f1/Editor/Data/Managed'
Mono path[1] = 'D:/Unity/2020.3.7f1/Editor/Data/MonoBleedingEdge/lib/mono/unityjit'
Mono config path = 'D:/Unity/2020.3.7f1/Editor/Data/MonoBleedingEdge/etc'
Using monoOptions --debugger-agent=transport=dt_socket,embedding=1,server=y,suspend=n,address=127.0.0.1:56132
Begin MonoManager ReloadAssembly
Registering precompiled unity dll's ...
Register platform support module: D:/Unity/2020.3.7f1/Editor/Data/PlaybackEngines/WebGLSupport/UnityEditor.WebGL.Extensions.dll
Register platform support module: D:/Unity/2020.3.7f1/Editor/Data/PlaybackEngines/WindowsStandaloneSupport/UnityEditor.WindowsStandalone.Extensions.dll
Registered in 0.001144 seconds.
Native extension for WindowsStandalone target not found
Native extension for WebGL target not found
Refreshing native plugins compatible for Editor in 27.50 ms, found 0 plugins.
Preloading 0 native plugins for Editor in 0.00 ms.
Mono: successfully reloaded assembly
- Completed reload, in  1.691 seconds
Platform modules already initialized, skipping
Registering precompiled user dll's ...
Registered in 0.000581 seconds.
Begin MonoManager ReloadAssembly
Native extension for WindowsStandalone target not found
Native extension for WebGL target not found
Refreshing native plugins compatible for Editor in 0.27 ms, found 0 plugins.
Preloading 0 native plugins for Editor in 0.00 ms.
Mono: successfully reloaded assembly
- Completed reload, in  1.028 seconds
Platform modules already initialized, skipping
========================================================================
Worker process is ready to serve import requests
Launched and connected shader compiler UnityShaderCompiler.exe after 0.03 seconds
Refreshing native plugins compatible for Editor in 0.43 ms, found 0 plugins.
Preloading 0 native plugins for Editor in 0.00 ms.
Unloading 1124 Unused Serialized files (Serialized files now loaded: 0)
System memory in use before: 57.5 MB.
System memory in use after: 57.5 MB.

Unloading 10 unused Assets to reduce memory usage. Loaded Objects now: 1567.
Total: 2.903347 ms (FindLiveObjects: 0.214683 ms CreateObjectMapping: 0.168496 ms MarkObjects: 2.405129 ms  DeleteObjects: 0.112901 ms)

========================================================================
Received Import Request.
  path: Assets/HighFriction.physicMaterial
  artifactKey: Guid(ca69cc14a1d499b4cbe7ef16c6b8a9a9) Importer(815301076,1909f56bfc062723c751e8b465ee728b)
Start importing Assets/HighFriction.physicMaterial using Guid(ca69cc14a1d499b4cbe7ef16c6b8a9a9) Importer(815301076,1909f56bfc062723c751e8b465ee728b)  -> (artifact id: '48e6f9a80410aac6449ba50613168795') in 0.114030 seconds
  Import took 0.144352 seconds .

========================================================================
Received Prepare
Registering precompiled user dll's ...
Registered in 0.009469 seconds.
Begin MonoManager ReloadAssembly
Native extension for WindowsStandalone target not found
Native extension for WebGL target not found
Refreshing native plugins compatible for Editor in 0.29 ms, found 0 plugins.
Preloading 0 native plugins for Editor in 0.00 ms.
Mono: successfully reloaded assembly
- Completed reload, in  1.120 seconds
Platform modules already initialized, skipping
Refreshing native plugins compatible for Editor in 0.46 ms, found 0 plugins.
Preloading 0 native plugins for Editor in 0.00 ms.
Unloading 1119 Unused Serialized files (Serialized files now loaded: 0)
System memory in use before: 57.4 MB.
System memory in use after: 57.5 MB.

Unloading 5 unused Assets to reduce memory usage. Loaded Objects now: 1570.
Total: 3.034637 ms (FindLiveObjects: 0.218104 ms CreateObjectMapping: 0.128296 ms MarkObjects: 2.569776 ms  DeleteObjects: 0.114184 ms)

========================================================================
Received Import Request.
  Time since last request: 2242.218391 seconds.
  path: Assets/Prefabs/Terrains/Water 02.prefab
  artifactKey: Guid(ba5b331c49f2d0242958b391124e2528) Importer(815301076,1909f56bfc062723c751e8b465ee728b)
Start importing Assets/Prefabs/Terrains/Water 02.prefab using Guid(ba5b331c49f2d0242958b391124e2528) Importer(815301076,1909f56bfc062723c751e8b465ee728b)  -> (artifact id: '99a9e74a4ad97a76b6ae117cc5f58d06') in 0.520216 seconds
  Import took 0.605108 seconds .

========================================================================
Received Import Request.
  Time since last request: 7.891197 seconds.
  path: Assets/Prefabs/Terrains/Water 02.prefab
  artifactKey: Guid(ba5b331c49f2d0242958b391124e2528) Importer(815301076,1909f56bfc062723c751e8b465ee728b)
Start importing Assets/Prefabs/Terrains/Water 02.prefab using Guid(ba5b331c49f2d0242958b391124e2528) Importer(815301076,1909f56bfc062723c751e8b465ee728b)  -> (artifact id: '928368f518dcaefcf19fd56a68013594') in 0.014738 seconds
  Import took 0.046677 seconds .

========================================================================
Received Import Request.
  Time since last request: 1.904928 seconds.
  path: Assets/Prefabs/Terrains/Water 01.prefab
  artifactKey: Guid(76989dc4d172a584c89f4468d6ed9328) Importer(815301076,1909f56bfc062723c751e8b465ee728b)
Start importing Assets/Prefabs/Terrains/Water 01.prefab using Guid(76989dc4d172a584c89f4468d6ed9328) Importer(815301076,1909f56bfc062723c751e8b465ee728b)  -> (artifact id: 'a3e26e6a3d1631d556db006186580690') in 0.053199 seconds
  Import took 0.068941 seconds .

========================================================================
Received Import Request.
  Time since last request: 42.972189 seconds.
  path: Assets/Scripts/Bounds.cs
  artifactKey: Guid(cb96918c67b958c45b962ff0cc79904d) Importer(815301076,1909f56bfc062723c751e8b465ee728b)
Start importing Assets/Scripts/Bounds.cs using Guid(cb96918c67b958c45b962ff0cc79904d) Importer(815301076,1909f56bfc062723c751e8b465ee728b)  -> (artifact id: '7a2ca01a3db36206cb1cf75fc31331d0') in 0.200047 seconds
  Import took 0.216409 seconds .

========================================================================
Received Import Request.
  Time since last request: 2.524384 seconds.
  path: Assets/Scripts/DeathPlayer.cs
  artifactKey: Guid(60b3c9452add795498e1532c5fc9aa34) Importer(815301076,1909f56bfc062723c751e8b465ee728b)
Start importing Assets/Scripts/DeathPlayer.cs using Guid(60b3c9452add795498e1532c5fc9aa34) Importer(815301076,1909f56bfc062723c751e8b465ee728b)  -> (artifact id: 'df2871c56bcdcd867e93c8bae5da0af7') in 0.012916 seconds
  Import took 0.033295 seconds .

========================================================================
Received Import Request.
  Time since last request: 0.002674 seconds.
  path: Assets/Scripts/DeathPlayer.cs
  artifactKey: Guid(60b3c9452add795498e1532c5fc9aa34) Importer(815301076,1909f56bfc062723c751e8b465ee728b)
Start importing Assets/Scripts/DeathPlayer.cs using Guid(60b3c9452add795498e1532c5fc9aa34) Importer(815301076,1909f56bfc062723c751e8b465ee728b)  -> (artifact id: 'df2871c56bcdcd867e93c8bae5da0af7') in 0.003168 seconds
  Import took 0.013992 seconds .

========================================================================
Received Import Request.
  Time since last request: 18.713753 seconds.
  path: Assets/Scripts/MovingObject.cs
  artifactKey: Guid(b4f882078c1d5c748ab9469645e4f32e) Importer(815301076,1909f56bfc062723c751e8b465ee728b)
Start importing Assets/Scripts/MovingObject.cs using Guid(b4f882078c1d5c748ab9469645e4f32e) Importer(815301076,1909f56bfc062723c751e8b465ee728b)  -> (artifact id: 'ba6acc680c52d44a64cabc4ff1fe6597') in 0.015124 seconds
  Import took 0.045943 seconds .

========================================================================
Received Import Request.
  Time since last request: 21.496637 seconds.
  path: Assets/Scripts/TerrainGenerator.cs
  artifactKey: Guid(cb7ee4d4725c8284ea8a0b1f443fc4e1) Importer(815301076,1909f56bfc062723c751e8b465ee728b)
Start importing Assets/Scripts/TerrainGenerator.cs using Guid(cb7ee4d4725c8284ea8a0b1f443fc4e1) Importer(815301076,1909f56bfc062723c751e8b465ee728b)  -> (artifact id: '8cc9f3ab21c1c680ff90900847e35757') in 0.011198 seconds
  Import took 0.103214 seconds .

========================================================================
Received Import Request.
  Time since last request: 7.457880 seconds.
  path: Assets/1.unity
  artifactKey: Guid(034ab383d9a2a1d48a50543f0e075d1a) Importer(815301076,1909f56bfc062723c751e8b465ee728b)
Start importing Assets/1.unity using Guid(034ab383d9a2a1d48a50543f0e075d1a) Importer(815301076,1909f56bfc062723c751e8b465ee728b)  -> (artifact id: '5aeca2eb7b932c6a5b1eb00b023e4239') in 0.009915 seconds
  Import took 0.042852 seconds .

========================================================================
Received Prepare
Registering precompiled user dll's ...
Registered in 0.000834 seconds.
Begin MonoManager ReloadAssembly
Native extension for WindowsStandalone target not found
Native extension for WebGL target not found
Refreshing native plugins compatible for Editor in 0.58 ms, found 0 plugins.
Preloading 0 native plugins for Editor in 0.00 ms.
Mono: successfully reloaded assembly
- Completed reload, in  1.025 seconds
Platform modules already initialized, skipping
Refreshing native plugins compatible for Editor in 0.28 ms, found 0 plugins.
Preloading 0 native plugins for Editor in 0.00 ms.
Unloading 1119 Unused Serialized files (Serialized files now loaded: 0)
System memory in use before: 60.6 MB.
System memory in use after: 60.6 MB.

Unloading 5 unused Assets to reduce memory usage. Loaded Objects now: 1581.
Total: 3.081251 ms (FindLiveObjects: 0.190734 ms CreateObjectMapping: 0.068425 ms MarkObjects: 2.733568 ms  DeleteObjects: 0.086386 ms)

========================================================================
Received Import Request.
  Time since last request: 9.272316 seconds.
  path: Assets/Scenes/_Scene_0.unity
  artifactKey: Guid(e9c95204be9b17b4781d18b3cac712d2) Importer(815301076,1909f56bfc062723c751e8b465ee728b)
Start importing Assets/Scenes/_Scene_0.unity using Guid(e9c95204be9b17b4781d18b3cac712d2) Importer(815301076,1909f56bfc062723c751e8b465ee728b)  -> (artifact id: '8d249b5786ae8126a50e176e898a8a0f') in 0.045512 seconds
  Import took 0.048421 seconds .

========================================================================
Received Prepare
Registering precompiled user dll's ...
Registered in 0.000644 seconds.
Begin MonoManager ReloadAssembly
Native extension for WindowsStandalone target not found
Native extension for WebGL target not found
Refreshing native plugins compatible for Editor in 0.30 ms, found 0 plugins.
Preloading 0 native plugins for Editor in 0.00 ms.
Mono: successfully reloaded assembly
- Completed reload, in  1.015 seconds
Platform modules already initialized, skipping
Refreshing native plugins compatible for Editor in 0.27 ms, found 0 plugins.
Preloading 0 native plugins for Editor in 0.00 ms.
Unloading 1119 Unused Serialized files (Serialized files now loaded: 0)
System memory in use before: 60.6 MB.
System memory in use after: 60.7 MB.

Unloading 5 unused Assets to reduce memory usage. Loaded Objects now: 1584.
Total: 3.686810 ms (FindLiveObjects: 0.721453 ms CreateObjectMapping: 1.175195 ms MarkObjects: 1.696933 ms  DeleteObjects: 0.090235 ms)

========================================================================
Received Prepare
Registering precompiled user dll's ...
Registered in 0.001861 seconds.
Begin MonoManager ReloadAssembly
Native extension for WindowsStandalone target not found
Native extension for WebGL target not found
Refreshing native plugins compatible for Editor in 0.33 ms, found 0 plugins.
Preloading 0 native plugins for Editor in 0.00 ms.
Mono: successfully reloaded assembly
- Completed reload, in  1.064 seconds
Platform modules already initialized, skipping
Refreshing native plugins compatible for Editor in 0.28 ms, found 0 plugins.
Preloading 0 native plugins for Editor in 0.00 ms.
Unloading 1119 Unused Serialized files (Serialized files now loaded: 0)
System memory in use before: 60.6 MB.
System memory in use after: 60.7 MB.

Unloading 5 unused Assets to reduce memory usage. Loaded Objects now: 1587.
Total: 2.695507 ms (FindLiveObjects: 0.234782 ms CreateObjectMapping: 0.072274 ms MarkObjects: 2.306769 ms  DeleteObjects: 0.079544 ms)

========================================================================
Received Prepare
Registering precompiled user dll's ...
Registered in 0.002310 seconds.
Begin MonoManager ReloadAssembly
Native extension for WindowsStandalone target not found
Native extension for WebGL target not found
Refreshing native plugins compatible for Editor in 0.72 ms, found 0 plugins.
Preloading 0 native plugins for Editor in 0.00 ms.
Mono: successfully reloaded assembly
- Completed reload, in  3.909 seconds
Platform modules already initialized, skipping
Refreshing native plugins compatible for Editor in 0.94 ms, found 0 plugins.
Preloading 0 native plugins for Editor in 0.00 ms.
Unloading 1119 Unused Serialized files (Serialized files now loaded: 0)
System memory in use before: 60.6 MB.
System memory in use after: 60.7 MB.

Unloading 5 unused Assets to reduce memory usage. Loaded Objects now: 1590.
Total: 6.177897 ms (FindLiveObjects: 0.520456 ms CreateObjectMapping: 0.285673 ms MarkObjects: 5.226366 ms  DeleteObjects: 0.139843 ms)

========================================================================
Received Prepare
Registering precompiled user dll's ...
Registered in 0.000777 seconds.
Begin MonoManager ReloadAssembly
Native extension for WindowsStandalone target not found
Native extension for WebGL target not found
Refreshing native plugins compatible for Editor in 0.54 ms, found 0 plugins.
Preloading 0 native plugins for Editor in 0.00 ms.
Mono: successfully reloaded assembly
- Completed reload, in  1.582 seconds
Platform modules already initialized, skipping
Refreshing native plugins compatible for Editor in 0.29 ms, found 0 plugins.
Preloading 0 native plugins for Editor in 0.00 ms.
Unloading 1119 Unused Serialized files (Serialized files now loaded: 0)
System memory in use before: 60.6 MB.
System memory in use after: 60.7 MB.

Unloading 5 unused Assets to reduce memory usage. Loaded Objects now: 1593.
Total: 3.512327 ms (FindLiveObjects: 0.237348 ms CreateObjectMapping: 0.131290 ms MarkObjects: 3.045756 ms  DeleteObjects: 0.094084 ms)

========================================================================
Received Prepare
Registering precompiled user dll's ...
Registered in 0.002756 seconds.
Begin MonoManager ReloadAssembly
Native extension for WindowsStandalone target not found
Native extension for WebGL target not found
Refreshing native plugins compatible for Editor in 0.29 ms, found 0 plugins.
Preloading 0 native plugins for Editor in 0.00 ms.
Mono: successfully reloaded assembly
- Completed reload, in  1.460 seconds
Platform modules already initialized, skipping
Refreshing native plugins compatible for Editor in 0.29 ms, found 0 plugins.
Preloading 0 native plugins for Editor in 0.00 ms.
Unloading 1119 Unused Serialized files (Serialized files now loaded: 0)
System memory in use before: 60.6 MB.
System memory in use after: 60.7 MB.

Unloading 5 unused Assets to reduce memory usage. Loaded Objects now: 1596.
Total: 2.218672 ms (FindLiveObjects: 0.180470 ms CreateObjectMapping: 0.054312 ms MarkObjects: 1.888950 ms  DeleteObjects: 0.092801 ms)

========================================================================
Received Prepare
Registering precompiled user dll's ...
Registered in 0.000656 seconds.
Begin MonoManager ReloadAssembly
Native extension for WindowsStandalone target not found
Native extension for WebGL target not found
Refreshing native plugins compatible for Editor in 0.52 ms, found 0 plugins.
Preloading 0 native plugins for Editor in 0.00 ms.
Mono: successfully reloaded assembly
- Completed reload, in  2.514 seconds
Platform modules already initialized, skipping
Refreshing native plugins compatible for Editor in 0.29 ms, found 0 plugins.
Preloading 0 native plugins for Editor in 0.00 ms.
Unloading 1119 Unused Serialized files (Serialized files now loaded: 0)
System memory in use before: 60.6 MB.
System memory in use after: 60.7 MB.

Unloading 5 unused Assets to reduce memory usage. Loaded Objects now: 1599.
Total: 3.781321 ms (FindLiveObjects: 0.302352 ms CreateObjectMapping: 0.071846 ms MarkObjects: 3.316461 ms  DeleteObjects: 0.088097 ms)

========================================================================
Received Prepare
Registering precompiled user dll's ...
Registered in 0.001664 seconds.
Begin MonoManager ReloadAssembly
Native extension for WindowsStandalone target not found
Native extension for WebGL target not found
Refreshing native plugins compatible for Editor in 0.78 ms, found 0 plugins.
Preloading 0 native plugins for Editor in 0.00 ms.
Mono: successfully reloaded assembly
- Completed reload, in  3.173 seconds
Platform modules already initialized, skipping
Refreshing native plugins compatible for Editor in 1.00 ms, found 0 plugins.
Preloading 0 native plugins for Editor in 0.00 ms.
Unloading 1119 Unused Serialized files (Serialized files now loaded: 0)
System memory in use before: 60.6 MB.
System memory in use after: 60.7 MB.

Unloading 5 unused Assets to reduce memory usage. Loaded Objects now: 1602.
Total: 5.552239 ms (FindLiveObjects: 0.379757 ms CreateObjectMapping: 0.145830 ms MarkObjects: 4.845326 ms  DeleteObjects: 0.175766 ms)

========================================================================
Received Prepare
Registering precompiled user dll's ...
Registered in 0.001965 seconds.
Begin MonoManager ReloadAssembly
Native extension for WindowsStandalone target not found
Native extension for WebGL target not found
Refreshing native plugins compatible for Editor in 0.45 ms, found 0 plugins.
Preloading 0 native plugins for Editor in 0.00 ms.
Mono: successfully reloaded assembly
- Completed reload, in  1.784 seconds
Platform modules already initialized, skipping
Refreshing native plugins compatible for Editor in 0.55 ms, found 0 plugins.
Preloading 0 native plugins for Editor in 0.00 ms.
Unloading 1119 Unused Serialized files (Serialized files now loaded: 0)
System memory in use before: 60.6 MB.
System memory in use after: 60.7 MB.

Unloading 5 unused Assets to reduce memory usage. Loaded Objects now: 1605.
Total: 3.110331 ms (FindLiveObjects: 0.182181 ms CreateObjectMapping: 0.054740 ms MarkObjects: 2.788735 ms  DeleteObjects: 0.082965 ms)

========================================================================
Received Prepare
Registering precompiled user dll's ...
Registered in 0.000644 seconds.
Begin MonoManager ReloadAssembly
Native extension for WindowsStandalone target not found
Native extension for WebGL target not found
Refreshing native plugins compatible for Editor in 0.43 ms, found 0 plugins.
Preloading 0 native plugins for Editor in 0.00 ms.
Mono: successfully reloaded assembly
- Completed reload, in  1.100 seconds
Platform modules already initialized, skipping
Refreshing native plugins compatible for Editor in 0.43 ms, found 0 plugins.
Preloading 0 native plugins for Editor in 0.00 ms.
Unloading 1119 Unused Serialized files (Serialized files now loaded: 0)
System memory in use before: 60.7 MB.
System memory in use after: 60.7 MB.

Unloading 5 unused Assets to reduce memory usage. Loaded Objects now: 1608.
Total: 2.547110 ms (FindLiveObjects: 0.261297 ms CreateObjectMapping: 0.070135 ms MarkObjects: 2.105771 ms  DeleteObjects: 0.107769 ms)

========================================================================
Received Prepare
Registering precompiled user dll's ...
Registered in 0.000969 seconds.
Begin MonoManager ReloadAssembly
Native extension for WindowsStandalone target not found
Native extension for WebGL target not found
Refreshing native plugins compatible for Editor in 0.33 ms, found 0 plugins.
Preloading 0 native plugins for Editor in 0.00 ms.
Mono: successfully reloaded assembly
- Completed reload, in  1.646 seconds
Platform modules already initialized, skipping
Refreshing native plugins compatible for Editor in 0.41 ms, found 0 plugins.
Preloading 0 native plugins for Editor in 0.00 ms.
Unloading 1119 Unused Serialized files (Serialized files now loaded: 0)
System memory in use before: 60.7 MB.
System memory in use after: 60.8 MB.

Unloading 5 unused Assets to reduce memory usage. Loaded Objects now: 1611.
Total: 3.164216 ms (FindLiveObjects: 0.332715 ms CreateObjectMapping: 0.110335 ms MarkObjects: 2.637773 ms  DeleteObjects: 0.080827 ms)

========================================================================
Received Prepare
Registering precompiled user dll's ...
Registered in 0.001729 seconds.
Begin MonoManager ReloadAssembly
Native extension for WindowsStandalone target not found
Native extension for WebGL target not found
Refreshing native plugins compatible for Editor in 0.29 ms, found 0 plugins.
Preloading 0 native plugins for Editor in 0.00 ms.
Mono: successfully reloaded assembly
- Completed reload, in  1.249 seconds
Platform modules already initialized, skipping
Refreshing native plugins compatible for Editor in 0.53 ms, found 0 plugins.
Preloading 0 native plugins for Editor in 0.00 ms.
Unloading 1119 Unused Serialized files (Serialized files now loaded: 0)
System memory in use before: 60.7 MB.
System memory in use after: 60.8 MB.

Unloading 5 unused Assets to reduce memory usage. Loaded Objects now: 1614.
Total: 7.107191 ms (FindLiveObjects: 0.279686 ms CreateObjectMapping: 0.074412 ms MarkObjects: 6.669273 ms  DeleteObjects: 0.080827 ms)

========================================================================
Received Import Request.
  Time since last request: 3275.106119 seconds.
  path: Assets/Animations/Player 1.controller
  artifactKey: Guid(9dccbbdfd0a19df43a79d7272b04c653) Importer(815301076,1909f56bfc062723c751e8b465ee728b)
Start importing Assets/Animations/Player 1.controller using Guid(9dccbbdfd0a19df43a79d7272b04c653) Importer(815301076,1909f56bfc062723c751e8b465ee728b)  -> (artifact id: 'f2934ccc4cbfd7d489ecc1d867dd0a9b') in 0.075959 seconds
  Import took 0.110840 seconds .

========================================================================
Received Prepare
Registering precompiled user dll's ...
Registered in 0.000616 seconds.
Begin MonoManager ReloadAssembly
Native extension for WindowsStandalone target not found
Native extension for WebGL target not found
Refreshing native plugins compatible for Editor in 0.30 ms, found 0 plugins.
Preloading 0 native plugins for Editor in 0.00 ms.
Mono: successfully reloaded assembly
- Completed reload, in  1.074 seconds
Platform modules already initialized, skipping
Refreshing native plugins compatible for Editor in 0.27 ms, found 0 plugins.
Preloading 0 native plugins for Editor in 0.00 ms.
Unloading 1119 Unused Serialized files (Serialized files now loaded: 0)
System memory in use before: 60.7 MB.
System memory in use after: 60.8 MB.

Unloading 5 unused Assets to reduce memory usage. Loaded Objects now: 1617.
Total: 2.488522 ms (FindLiveObjects: 0.325017 ms CreateObjectMapping: 0.069280 ms MarkObjects: 2.010832 ms  DeleteObjects: 0.080399 ms)

========================================================================
Received Prepare
Registering precompiled user dll's ...
Registered in 0.001717 seconds.
Begin MonoManager ReloadAssembly
Native extension for WindowsStandalone target not found
Native extension for WebGL target not found
Refreshing native plugins compatible for Editor in 0.31 ms, found 0 plugins.
Preloading 0 native plugins for Editor in 0.00 ms.
Mono: successfully reloaded assembly
- Completed reload, in  1.590 seconds
Platform modules already initialized, skipping
Refreshing native plugins compatible for Editor in 0.40 ms, found 0 plugins.
Preloading 0 native plugins for Editor in 0.00 ms.
Unloading 1119 Unused Serialized files (Serialized files now loaded: 0)
System memory in use before: 60.7 MB.
System memory in use after: 60.8 MB.

Unloading 5 unused Assets to reduce memory usage. Loaded Objects now: 1620.
Total: 2.176334 ms (FindLiveObjects: 0.171489 ms CreateObjectMapping: 0.050891 ms MarkObjects: 1.877831 ms  DeleteObjects: 0.074412 ms)

========================================================================
Received Prepare
Registering precompiled user dll's ...
Registered in 0.000972 seconds.
Begin MonoManager ReloadAssembly
Native extension for WindowsStandalone target not found
Native extension for WebGL target not found
Refreshing native plugins compatible for Editor in 0.42 ms, found 0 plugins.
Preloading 0 native plugins for Editor in 0.00 ms.
Mono: successfully reloaded assembly
- Completed reload, in  1.704 seconds
Platform modules already initialized, skipping
Refreshing native plugins compatible for Editor in 0.56 ms, found 0 plugins.
Preloading 0 native plugins for Editor in 0.00 ms.
Unloading 1119 Unused Serialized files (Serialized files now loaded: 0)
System memory in use before: 60.7 MB.
System memory in use after: 60.8 MB.

Unloading 5 unused Assets to reduce memory usage. Loaded Objects now: 1623.
Total: 4.035348 ms (FindLiveObjects: 0.651746 ms CreateObjectMapping: 0.180470 ms MarkObjects: 3.124872 ms  DeleteObjects: 0.074840 ms)

========================================================================
Received Prepare
Registering precompiled user dll's ...
Registered in 0.000958 seconds.
Begin MonoManager ReloadAssembly
Native extension for WindowsStandalone target not found
Native extension for WebGL target not found
Refreshing native plugins compatible for Editor in 0.27 ms, found 0 plugins.
Preloading 0 native plugins for Editor in 0.00 ms.
Mono: successfully reloaded assembly
- Completed reload, in  1.051 seconds
Platform modules already initialized, skipping
Refreshing native plugins compatible for Editor in 0.28 ms, found 0 plugins.
Preloading 0 native plugins for Editor in 0.00 ms.
Unloading 1119 Unused Serialized files (Serialized files now loaded: 0)
System memory in use before: 60.7 MB.
System memory in use after: 60.8 MB.

Unloading 5 unused Assets to reduce memory usage. Loaded Objects now: 1626.
Total: 2.395721 ms (FindLiveObjects: 0.271988 ms CreateObjectMapping: 0.081254 ms MarkObjects: 1.971487 ms  DeleteObjects: 0.068425 ms)

========================================================================
Received Prepare
Registering precompiled user dll's ...
Registered in 0.001670 seconds.
Begin MonoManager ReloadAssembly
Native extension for WindowsStandalone target not found
Native extension for WebGL target not found
Refreshing native plugins compatible for Editor in 0.67 ms, found 0 plugins.
Preloading 0 native plugins for Editor in 0.00 ms.
Mono: successfully reloaded assembly
- Completed reload, in  3.604 seconds
Platform modules already initialized, skipping
Refreshing native plugins compatible for Editor in 0.97 ms, found 0 plugins.
Preloading 0 native plugins for Editor in 0.00 ms.
Unloading 1119 Unused Serialized files (Serialized files now loaded: 0)
System memory in use before: 60.8 MB.
System memory in use after: 60.8 MB.

Unloading 5 unused Assets to reduce memory usage. Loaded Objects now: 1629.
Total: 6.316030 ms (FindLiveObjects: 0.434497 ms CreateObjectMapping: 0.153956 ms MarkObjects: 5.555660 ms  DeleteObjects: 0.167213 ms)

========================================================================
Received Prepare
Registering precompiled user dll's ...
Registered in 0.001008 seconds.
Begin MonoManager ReloadAssembly
Native extension for WindowsStandalone target not found
Native extension for WebGL target not found
Refreshing native plugins compatible for Editor in 0.27 ms, found 0 plugins.
Preloading 0 native plugins for Editor in 0.00 ms.
Mono: successfully reloaded assembly
- Completed reload, in  1.053 seconds
Platform modules already initialized, skipping
Refreshing native plugins compatible for Editor in 0.26 ms, found 0 plugins.
Preloading 0 native plugins for Editor in 0.00 ms.
Unloading 1119 Unused Serialized files (Serialized files now loaded: 0)
System memory in use before: 60.8 MB.
System memory in use after: 60.8 MB.

Unloading 5 unused Assets to reduce memory usage. Loaded Objects now: 1632.
Total: 2.424801 ms (FindLiveObjects: 0.209551 ms CreateObjectMapping: 0.068852 ms MarkObjects: 2.070276 ms  DeleteObjects: 0.073984 ms)

========================================================================
Received Import Request.
  Time since last request: 806.218774 seconds.
  path: Assets/Animations/Player.controller
  artifactKey: Guid(835f2fabe65d26e429837d3382b8ec98) Importer(815301076,1909f56bfc062723c751e8b465ee728b)
Start importing Assets/Animations/Player.controller using Guid(835f2fabe65d26e429837d3382b8ec98) Importer(815301076,1909f56bfc062723c751e8b465ee728b)  -> (artifact id: '3e28ff223317f66ab894001c6084ac13') in 0.027518 seconds
  Import took 0.080280 seconds .

========================================================================
Received Import Request.
  Time since last request: 0.001226 seconds.
  path: Assets/Animations/Player.controller
  artifactKey: Guid(835f2fabe65d26e429837d3382b8ec98) Importer(815301076,1909f56bfc062723c751e8b465ee728b)
Start importing Assets/Animations/Player.controller using Guid(835f2fabe65d26e429837d3382b8ec98) Importer(815301076,1909f56bfc062723c751e8b465ee728b)  -> (artifact id: '3e28ff223317f66ab894001c6084ac13') in 0.004897 seconds
  Import took 0.016152 seconds .

========================================================================
Received Import Request.
  Time since last request: 386.538472 seconds.
  path: Assets/Prefabs/Terrains/Water 01.prefab
  artifactKey: Guid(76989dc4d172a584c89f4468d6ed9328) Importer(815301076,1909f56bfc062723c751e8b465ee728b)
Start importing Assets/Prefabs/Terrains/Water 01.prefab using Guid(76989dc4d172a584c89f4468d6ed9328) Importer(815301076,1909f56bfc062723c751e8b465ee728b)  -> (artifact id: '563654005b48c825455ea8fed3dc6cdc') in 0.120070 seconds
  Import took 0.156470 seconds .

========================================================================
Received Import Request.
  Time since last request: 0.673298 seconds.
  path: Assets/Prefabs/Terrains/Water 02.prefab
  artifactKey: Guid(ba5b331c49f2d0242958b391124e2528) Importer(815301076,1909f56bfc062723c751e8b465ee728b)
Start importing Assets/Prefabs/Terrains/Water 02.prefab using Guid(ba5b331c49f2d0242958b391124e2528) Importer(815301076,1909f56bfc062723c751e8b465ee728b)  -> (artifact id: 'baeca2729c23427304afc5ff9034fd4d') in 0.024842 seconds
  Import took 0.117827 seconds .

========================================================================
Received Import Request.
  Time since last request: 64.188657 seconds.
  path: Assets/Prefabs/Player.prefab
  artifactKey: Guid(cadd05829a613d5459fa672208a8d989) Importer(815301076,1909f56bfc062723c751e8b465ee728b)
Start importing Assets/Prefabs/Player.prefab using Guid(cadd05829a613d5459fa672208a8d989) Importer(815301076,1909f56bfc062723c751e8b465ee728b)  -> (artifact id: 'f0f635c03cc840a7d4be4dc17a9ddd2c') in 0.074430 seconds
  Import took 0.077582 seconds .

========================================================================
Received Prepare
Registering precompiled user dll's ...
Registered in 0.000944 seconds.
Begin MonoManager ReloadAssembly
Native extension for WindowsStandalone target not found
Native extension for WebGL target not found
Refreshing native plugins compatible for Editor in 0.37 ms, found 0 plugins.
Preloading 0 native plugins for Editor in 0.00 ms.
Mono: successfully reloaded assembly
- Completed reload, in  1.040 seconds
Platform modules already initialized, skipping
Refreshing native plugins compatible for Editor in 0.30 ms, found 0 plugins.
Preloading 0 native plugins for Editor in 0.00 ms.
Unloading 1119 Unused Serialized files (Serialized files now loaded: 0)
System memory in use before: 60.8 MB.
System memory in use after: 60.9 MB.

Unloading 6 unused Assets to reduce memory usage. Loaded Objects now: 1636.
Total: 2.715606 ms (FindLiveObjects: 0.241625 ms CreateObjectMapping: 0.127441 ms MarkObjects: 2.270418 ms  DeleteObjects: 0.074412 ms)

========================================================================
Received Import Request.
  Time since last request: 12.513968 seconds.
  path: Assets/Prefabs/Object Variant.prefab
  artifactKey: Guid(a46aad86a516d7448af47980994f99ab) Importer(815301076,1909f56bfc062723c751e8b465ee728b)
Start importing Assets/Prefabs/Object Variant.prefab using Guid(a46aad86a516d7448af47980994f99ab) Importer(815301076,1909f56bfc062723c751e8b465ee728b)  -> (artifact id: '391bfd23f3df2d0d5c6082611fd2b632') in 0.113697 seconds
  Import took 0.131416 seconds .

========================================================================
Received Import Request.
  Time since last request: 7.420064 seconds.
  path: Assets/Prefabs/Player.prefab
  artifactKey: Guid(cadd05829a613d5459fa672208a8d989) Importer(815301076,1909f56bfc062723c751e8b465ee728b)
Start importing Assets/Prefabs/Player.prefab using Guid(cadd05829a613d5459fa672208a8d989) Importer(815301076,1909f56bfc062723c751e8b465ee728b)  -> (artifact id: 'f5796eaf94104e6743582821cdb4311e') in 0.006222 seconds
  Import took 0.039924 seconds .

========================================================================
Received Prepare
Registering precompiled user dll's ...
Registered in 0.000647 seconds.
Begin MonoManager ReloadAssembly
Native extension for WindowsStandalone target not found
Native extension for WebGL target not found
Refreshing native plugins compatible for Editor in 0.29 ms, found 0 plugins.
Preloading 0 native plugins for Editor in 0.00 ms.
Mono: successfully reloaded assembly
- Completed reload, in  1.121 seconds
Platform modules already initialized, skipping
Refreshing native plugins compatible for Editor in 0.27 ms, found 0 plugins.
Preloading 0 native plugins for Editor in 0.00 ms.
Unloading 1119 Unused Serialized files (Serialized files now loaded: 0)
System memory in use before: 60.8 MB.
System memory in use after: 60.9 MB.

Unloading 6 unused Assets to reduce memory usage. Loaded Objects now: 1640.
Total: 3.095364 ms (FindLiveObjects: 0.230933 ms CreateObjectMapping: 0.070135 ms MarkObjects: 2.710902 ms  DeleteObjects: 0.081254 ms)

========================================================================
Received Prepare
Registering precompiled user dll's ...
Registered in 0.000816 seconds.
Begin MonoManager ReloadAssembly
Native extension for WindowsStandalone target not found
Native extension for WebGL target not found
Refreshing native plugins compatible for Editor in 0.27 ms, found 0 plugins.
Preloading 0 native plugins for Editor in 0.00 ms.
Mono: successfully reloaded assembly
- Completed reload, in  0.973 seconds
Platform modules already initialized, skipping
Refreshing native plugins compatible for Editor in 0.30 ms, found 0 plugins.
Preloading 0 native plugins for Editor in 0.00 ms.
Unloading 1119 Unused Serialized files (Serialized files now loaded: 0)
System memory in use before: 60.8 MB.
System memory in use after: 60.9 MB.

Unloading 5 unused Assets to reduce memory usage. Loaded Objects now: 1643.
Total: 2.836633 ms (FindLiveObjects: 0.384461 ms CreateObjectMapping: 0.103920 ms MarkObjects: 2.227225 ms  DeleteObjects: 0.114611 ms)

========================================================================
Received Prepare
Registering precompiled user dll's ...
Registered in 0.000596 seconds.
Begin MonoManager ReloadAssembly
Native extension for WindowsStandalone target not found
Native extension for WebGL target not found
Refreshing native plugins compatible for Editor in 0.30 ms, found 0 plugins.
Preloading 0 native plugins for Editor in 0.00 ms.
Mono: successfully reloaded assembly
- Completed reload, in  0.992 seconds
Platform modules already initialized, skipping
Refreshing native plugins compatible for Editor in 0.27 ms, found 0 plugins.
Preloading 0 native plugins for Editor in 0.00 ms.
Unloading 1119 Unused Serialized files (Serialized files now loaded: 0)
System memory in use before: 60.8 MB.
System memory in use after: 60.9 MB.

Unloading 5 unused Assets to reduce memory usage. Loaded Objects now: 1646.
Total: 2.600567 ms (FindLiveObjects: 0.221525 ms CreateObjectMapping: 0.074412 ms MarkObjects: 2.223376 ms  DeleteObjects: 0.078688 ms)

========================================================================
Received Prepare
Registering precompiled user dll's ...
Registered in 0.000635 seconds.
Begin MonoManager ReloadAssembly
Native extension for WindowsStandalone target not found
Native extension for WebGL target not found
Refreshing native plugins compatible for Editor in 0.26 ms, found 0 plugins.
Preloading 0 native plugins for Editor in 0.00 ms.
Mono: successfully reloaded assembly
- Completed reload, in  1.114 seconds
Platform modules already initialized, skipping
Refreshing native plugins compatible for Editor in 0.30 ms, found 0 plugins.
Preloading 0 native plugins for Editor in 0.00 ms.
Unloading 1119 Unused Serialized files (Serialized files now loaded: 0)
System memory in use before: 60.8 MB.
System memory in use after: 60.9 MB.

Unloading 5 unused Assets to reduce memory usage. Loaded Objects now: 1649.
Total: 2.258444 ms (FindLiveObjects: 0.242052 ms CreateObjectMapping: 0.071846 ms MarkObjects: 1.865001 ms  DeleteObjects: 0.076550 ms)

========================================================================
Received Import Request.
  Time since last request: 827.956852 seconds.
  path: Assets/Scripts/DeathPlayer.cs
  artifactKey: Guid(60b3c9452add795498e1532c5fc9aa34) Importer(815301076,1909f56bfc062723c751e8b465ee728b)
Start importing Assets/Scripts/DeathPlayer.cs using Guid(60b3c9452add795498e1532c5fc9aa34) Importer(815301076,1909f56bfc062723c751e8b465ee728b)  -> (artifact id: '81749a87f38c59ccc947a8b52b4238a4') in 0.010421 seconds
  Import took 0.013685 seconds .

========================================================================
Received Prepare
Registering precompiled user dll's ...
Registered in 0.000550 seconds.
Begin MonoManager ReloadAssembly
Native extension for WindowsStandalone target not found
Native extension for WebGL target not found
Refreshing native plugins compatible for Editor in 0.27 ms, found 0 plugins.
Preloading 0 native plugins for Editor in 0.00 ms.
Mono: successfully reloaded assembly
- Completed reload, in  1.072 seconds
Platform modules already initialized, skipping
Refreshing native plugins compatible for Editor in 0.28 ms, found 0 plugins.
Preloading 0 native plugins for Editor in 0.00 ms.
Unloading 1119 Unused Serialized files (Serialized files now loaded: 0)
System memory in use before: 60.8 MB.
System memory in use after: 60.9 MB.

Unloading 5 unused Assets to reduce memory usage. Loaded Objects now: 1652.
Total: 2.827224 ms (FindLiveObjects: 0.383606 ms CreateObjectMapping: 0.145403 ms MarkObjects: 2.215251 ms  DeleteObjects: 0.080827 ms)

AssetImportWorkerClient::OnTransportError - code=2 error=End of file
